<?xml version="1.0" encoding="UTF-8"?>
<!-- Generated by org.testng.reporters.JUnitReportReporter -->
<testsuite hostname="Neo" failures="0" tests="1" name="tests.LoginTest" time="5.446" errors="0" timestamp="2025-07-29T11:38:26 ICT" skipped="0">
  <testcase classname="tests.LoginTest" name="testLoginSuccess" time="5.446"/>
</testsuite> <!-- tests.LoginTest -->
